<?xml version="1.0" encoding="UTF-8"?>
<testng-results ignored="0" total="1" passed="1" failed="0" skipped="0">
  <reporter-output>
  </reporter-output>
  <suite started-at="2022-11-08T11:05:41 IST" name="Default suite" finished-at="2022-11-08T11:05:41 IST" duration-ms="71">
    <groups>
    </groups>
    <test started-at="2022-11-08T11:05:41 IST" name="Default test" finished-at="2022-11-08T11:05:41 IST" duration-ms="71">
      <class name="Testing.Practice">
        <test-method signature="foo()[pri:0, instance:Testing.Practice@31d7b7bf]" started-at="2022-11-08T11:05:41 IST" name="foo" finished-at="2022-11-08T11:05:41 IST" duration-ms="17" status="PASS">
          <reporter-output>
          </reporter-output>
        </test-method> <!-- foo -->
      </class> <!-- Testing.Practice -->
    </test> <!-- Default test -->
  </suite> <!-- Default suite -->
</testng-results>
